  0.000000000000000E+000
  1.619773283064583E-002
  1.619773283064582E-002
  1.619773283064582E-002
  4.465660449345912E-003
  4.462302547802356E-003
  4.460144206064235E-003
  4.464023609135198E-003
  4.479420857670088E-003
  4.507343698042185E-003
  4.543010078414264E-003
  4.579870211966373E-003
  4.613273246765461E-003
  4.641121464800409E-003
  4.663029392418062E-003
  4.678535424782267E-003
  4.683306806591559E-003
  4.634777269288914E-003
  2.340144522767637E-003
  1.318308558804377E-003
  2.300207703824044E-003
  7.091433374716676E-003
  3.456304302902776E-003
  4.332388568459413E-003
  4.540540615245263E-003
  9.064681474447802E-003
  1.055331379656895E-002
  1.532114517571915E-002
  1.400818895092672E-002
  6.236996554180721E-003
  1.868895975539176E-002
  2.506498212231744E-002
  1.778019638930977E-002
  1.707990399289987E-002
  7.245482486198732E-003
  5.919369598541935E-003
  4.670403800154490E-002
  4.715861780337758E-002
  5.437591463687525E-002
  0.107090526485715     
  9.433355797139213E-002
  7.830426545876128E-002
  7.713335853916803E-002
  7.426331192518759E-002
  8.567466865933138E-002
  4.089349416726030E-002
  3.526294046608065E-002
  3.435864108749911E-002
  3.320223294987152E-002
  3.054405423842996E-002
  1.303746461251773E-002
  1.112183713997986E-002
  7.466114338962688E-003
  4.886865956072572E-003
  5.990502231577092E-004
  3.973331427375305E-003
  8.800558895904526E-003
  1.432353921224692E-002
  0.147687384554288     
  4.566608487037285E-002
