    Laps to go:          42
    Laps to go:          41
    Laps to go:          40
    Laps to go:          39
    Laps to go:          38
  R:  0.0000000E+00  0.0000000E+00  0.0000000E+00  0.0000000E+00  0.0000000E+00
  0.0000000E+00
  BI:  0.0000000E+00 -9.6468246E-03 -2.5010876E-02 -1.9978933E-02  1.9560888E-02

  8.0414183E-02
  DBI:  0.0000000E+00 -2.2191752E-02 -6.3405670E-02 -5.8449868E-02
  4.5034867E-02  0.2323967
  DB2:  0.0000000E+00  3.1162016E-02  0.1145771      0.2093011
  0.2623593      0.2415610
  DB0(1):  0.0000000E+00
  DB1(1):  0.0000000E+00
  DAI:  0.0000000E+00  0.4609127     -0.5222431     -0.5085874
  0.0000000E+00
  BB:  0.0000000E+00  0.9999865     -0.9999865      0.0000000E+00
  VDERI:  0.7807800
  F    :  4.2745894E-05
  UVDENS :  3.6562064E-06
