    Laps to go:          42
    Laps to go:          41
    Laps to go:          40
    Laps to go:          39
    Laps to go:          38
  R: -4.243336877812349E-017  4.602195948869130E-010  1.692143950658041E-009
  3.091084725188092E-009  3.874678595750360E-009  4.602195948869130E-010
  BI:  3.567517525498851E-009 -9.646816265300655E-003 -2.501096125042596E-002
 -1.997898158872891E-002  1.956099601830830E-002  8.041424426023330E-002
  DBI: -1.524389301080600E-008 -2.219174840024251E-002 -6.340563748462286E-002
 -5.844983014089847E-002  4.503488619762902E-002  0.232396694431331
  DB2: -2.873215554366482E-009  3.116203442077490E-002  0.114577146695088
  0.209301145961662       0.262359250044279       0.241560996449163
  DB0(1):  0.000000000000000E+000
  DB1(1):  0.000000000000000E+000
  DAI:  0.000000000000000E+000  0.460912695926081      -0.522243176751627
 -0.508587396484166       0.000000000000000E+000
  BB:  0.000000000000000E+000  0.999986435089102      -0.999986434055798
  0.000000000000000E+000  0.000000000000000E+000  0.000000000000000E+000
  VDERI:  0.780779908183489
  F    :  0.000000000000000E+000
  UVDENS :  0.000000000000000E+000
